<?xml version="1.0" encoding="UTF-8"?>
<!-- Generated by org.testng.reporters.JUnitReportReporter -->
<testsuite hostname="yanagiaosLaptop" failures="0" tests="2" name="cucumber.TestNGTestRunner" time="14.874" errors="0" timestamp="2024-07-18T18:43:19 AEST" skipped="0">
  <testcase classname="cucumber.TestNGTestRunner" name="runScenario" time="6.370"/>
  <system-out/>
  <testcase classname="cucumber.TestNGTestRunner" name="runScenario" time="8.504"/>
  <system-out/>
</testsuite> <!-- cucumber.TestNGTestRunner -->
