<?xml version="1.0" encoding="UTF-8"?>
<!-- Generated by org.testng.reporters.JUnitReportReporter -->
<testsuite hostname="yanagiaosLaptop" failures="0" tests="1" name="rahulshettyacademy.tests.ErrorValidations" time="5.286" errors="0" timestamp="2024-07-13T20:52:18 AEST" skipped="0">
  <testcase classname="rahulshettyacademy.tests.ErrorValidations" name="submitOrder" time="5.286"/>
  <system-out/>
</testsuite> <!-- rahulshettyacademy.tests.ErrorValidations -->
