<?xml version="1.0" encoding="UTF-8"?>
<!-- Generated by org.testng.reporters.JUnitReportReporter -->
<testsuite hostname="yanagiaosLaptop" failures="0" tests="3" name="rahulshettyacademy.tests.SubmitOrderTest" time="61.027" errors="0" timestamp="2024-07-16T14:20:23 AEST" skipped="0">
  <testcase classname="rahulshettyacademy.tests.SubmitOrderTest" name="OrderHistoryTest" time="12.795"/>
  <testcase classname="rahulshettyacademy.tests.SubmitOrderTest" name="submitOrder" time="23.857"/>
  <testcase classname="rahulshettyacademy.tests.SubmitOrderTest" name="submitOrder" time="24.375"/>
</testsuite> <!-- rahulshettyacademy.tests.SubmitOrderTest -->
